make --dry-run --always-make --keep-going --print-directory
make: Entering directory `/Users/bducrocq/projets/42cursus/philosophers42'
mkdir ./objs/ 2> /dev/null || true
gcc    -o3  -I./includes/ -o objs/test.o -c srcs/test.c
mkdir ./objs/ 2> /dev/null || true
gcc    -o3  -I./includes/ -o objs/philo.o -c srcs/philo.c
mkdir ./objs/ 2> /dev/null || true
gcc    -o3  -I./includes/ -o objs/main.o -c srcs/main.c
mkdir ./objs/ 2> /dev/null || true
gcc    -o3  -I./includes/ -o objs/error.o -c srcs/error.c
mkdir ./objs/ 2> /dev/null || true
gcc    -o3  -I./includes/ -o objs/parsing.o -c srcs/parsing.c
mkdir ./objs/ 2> /dev/null || true
gcc    -o3  -I./includes/ -o objs/tools.o -c srcs/tools.c
mkdir ./objs/ 2> /dev/null || true
gcc    -o3  -I./includes/ -o objs/check_arg.o -c srcs/check_arg.c
mkdir ./objs/ 2> /dev/null || true
gcc    -o3  -I./includes/ -o objs/routines.o -c srcs/routines.c
mkdir ./objs/ 2> /dev/null || true
gcc    -o3  -I./includes/ -o objs/message_philo.o -c srcs/message_philo.c
mkdir ./objs/ 2> /dev/null || true
gcc    -o3  -I./includes/ -o objs/time.o -c srcs/time.c
mkdir ./objs/ 2> /dev/null || true
gcc    -o3  -I./includes/ -o objs/exit.o -c srcs/exit.c
mkdir ./objs/ 2> /dev/null || true
gcc    -o3  -I./includes/ -o objs/ft_putnbr.o -c srcs/ft_putnbr.c
mkdir ./objs/ 2> /dev/null || true
gcc    -o3  -I./includes/ -o objs/monitor.o -c srcs/monitor.c
make: Leaving directory `/Users/bducrocq/projets/42cursus/philosophers42'
 
make: *** No rule to make target `objs/debug.o', needed by `philo'.

